#################################################################
# If you used AutoSite in your work, please cite:               #
#                                                               #
# Pradeep Anand Ravindranath and Michel F. Sanner               #
#                                                               #
# AutoSite: an automated approach for pseudoligands             #
# prediction - From ligand binding sites identification to      #
# predicting key ligand atoms                                   #
#                                                               #
# Bioinformatics (2016)                                         #
#                                                               #
# DOI: 10.1093/bioinformatics/btw367                            #
#                                                               #
# Please see http://adfr.scripps.edu/AutoDockFR/autosite.html   #
# for more information                                          #
#################################################################

AutoSite v1.0.0 started on comp-ic-0022.acii.production.int.aci.ics.psu.edu a Linux-3.10.0-1160.76.1.el7.x86_64-x86_64-with-redhat-7.9-Maipo computer
Date Fri Nov  4 12:54:45 2022
computing maps ....
clustering high affinity points ... 
analysing 2 clusters ... 
saving 2 clusters and associated feature points in folder model4

clust.| Energy| # of |Rad. of | energy |   bns    |score   |Feature Points
number|       |points|gyration|per vol.|buriedness|v*b^1.5 | D | A | Other
------+-------+------+--------+--------+----------+--------+---+---+------
    1   -54.71   142    3.30    -0.39     0.821     28.98    2   2    9
    2   -43.96   127    3.31    -0.35     0.776     23.06    1   1    8
AutoSite identified and characterized 2 clusters in 1.12 seconds, i.e. 0 hours 00 minutes 01.121588 seconds 
